# JRE version: Java(TM) SE Runtime Environment (21.0.1+12) (build 21.0.1+12-LTS-29)
# Java VM: Java HotSpot(TM) 64-Bit Server VM (21.0.1+12-LTS-29, mixed mode, sharing, tiered, compressed oops, compressed class ptrs, g1 gc, windows-amd64)
GC Precious Log:
 CardTable entry size: 512
 Card Set container configuration: InlinePtr #cards 5 size 8 Array Of Cards #cards 12 size 40 Howl #buckets 4 coarsen threshold 1843 Howl Bitmap #cards 512 size 80 coarsen threshold 460 Card regions per heap region 1 cards per card region 2048
 CPUs: 8 total, 8 available
 Memory: 8125M
 Large Page Support: Disabled
 NUMA Support: Disabled
 Compressed Oops: Enabled (32-bit)
 Heap Region Size: 1M
 Heap Min Capacity: 256M
 Heap Initial Capacity: 256M
 Heap Max Capacity: 512M
 Pre-touch: Disabled
 Parallel Workers: 8
 Concurrent Workers: 2
 Concurrent Refinement Workers: 8
 Periodic GC: Disabled
Heap:
 garbage-first heap   total 262144K, used 80785K [0x00000000e0000000, 0x0000000100000000)
  region size 1024K, 47 young (48128K), 10 survivors (10240K)
 Metaspace       used 38086K, committed 39360K, reserved 393216K
  class space    used 5512K, committed 6144K, reserved 327680K
GC Heap History (14 events):
Event: 0.706 GC heap before
{Heap before GC invocations=0 (full 0):
 garbage-first heap   total 262144K, used 22528K [0x00000000e0000000, 0x0000000100000000)
  region size 1024K, 23 young (23552K), 0 survivors (0K)
 Metaspace       used 1091K, committed 1216K, reserved 393216K
  class space    used 78K, committed 128K, reserved 327680K
}
Event: 0.710 GC heap after
{Heap after GC invocations=1 (full 0):
 garbage-first heap   total 262144K, used 5070K [0x00000000e0000000, 0x0000000100000000)
  region size 1024K, 3 young (3072K), 3 survivors (3072K)
 Metaspace       used 1091K, committed 1216K, reserved 393216K
  class space    used 78K, committed 128K, reserved 327680K
}
Event: 1.525 GC heap before
{Heap before GC invocations=1 (full 0):
 garbage-first heap   total 262144K, used 41934K [0x00000000e0000000, 0x0000000100000000)
  region size 1024K, 35 young (35840K), 3 survivors (3072K)
 Metaspace       used 4385K, committed 4544K, reserved 393216K
  class space    used 543K, committed 640K, reserved 327680K
}
Event: 1.530 GC heap after
{Heap after GC invocations=2 (full 0):
 garbage-first heap   total 262144K, used 12077K [0x00000000e0000000, 0x0000000100000000)
  region size 1024K, 4 young (4096K), 4 survivors (4096K)
 Metaspace       used 4385K, committed 4544K, reserved 393216K
  class space    used 543K, committed 640K, reserved 327680K
}
Event: 2.621 GC heap before
{Heap before GC invocations=2 (full 0):
 garbage-first heap   total 262144K, used 67373K [0x00000000e0000000, 0x0000000100000000)
  region size 1024K, 57 young (58368K), 4 survivors (4096K)
 Metaspace       used 7725K, committed 8000K, reserved 393216K
  class space    used 1042K, committed 1152K, reserved 327680K
}
Event: 2.628 GC heap after
{Heap after GC invocations=3 (full 0):
 garbage-first heap   total 262144K, used 19030K [0x00000000e0000000, 0x0000000100000000)
  region size 1024K, 8 young (8192K), 8 survivors (8192K)
 Metaspace       used 7725K, committed 8000K, reserved 393216K
  class space    used 1042K, committed 1152K, reserved 327680K
}
Event: 4.964 GC heap before
{Heap before GC invocations=3 (full 0):
 garbage-first heap   total 262144K, used 93782K [0x00000000e0000000, 0x0000000100000000)
  region size 1024K, 82 young (83968K), 8 survivors (8192K)
 Metaspace       used 20855K, committed 21504K, reserved 393216K
  class space    used 3004K, committed 3328K, reserved 327680K
}
Event: 4.978 GC heap after
{Heap after GC invocations=4 (full 0):
 garbage-first heap   total 262144K, used 25174K [0x00000000e0000000, 0x0000000100000000)
  region size 1024K, 14 young (14336K), 14 survivors (14336K)
 Metaspace       used 20855K, committed 21504K, reserved 393216K
  class space    used 3004K, committed 3328K, reserved 327680K
}
Event: 7.496 GC heap before
{Heap before GC invocations=5 (full 0):
 garbage-first heap   total 262144K, used 139862K [0x00000000e0000000, 0x0000000100000000)
  region size 1024K, 117 young (119808K), 14 survivors (14336K)
 Metaspace       used 34638K, committed 35968K, reserved 393216K
  class space    used 5147K, committed 5824K, reserved 327680K
}
Event: 7.512 GC heap after
{Heap after GC invocations=6 (full 0):
 garbage-first heap   total 262144K, used 45094K [0x00000000e0000000, 0x0000000100000000)
  region size 1024K, 15 young (15360K), 15 survivors (15360K)
 Metaspace       used 34638K, committed 35968K, reserved 393216K
  class space    used 5147K, committed 5824K, reserved 327680K
}
Event: 7.522 GC heap before
{Heap before GC invocations=6 (full 0):
 garbage-first heap   total 262144K, used 46118K [0x00000000e0000000, 0x0000000100000000)
  region size 1024K, 17 young (17408K), 15 survivors (15360K)
 Metaspace       used 34985K, committed 36288K, reserved 393216K
  class space    used 5190K, committed 5824K, reserved 327680K
}
Event: 7.536 GC heap after
{Heap after GC invocations=7 (full 0):
 garbage-first heap   total 262144K, used 45125K [0x00000000e0000000, 0x0000000100000000)
  region size 1024K, 10 young (10240K), 10 survivors (10240K)
 Metaspace       used 34985K, committed 36288K, reserved 393216K
  class space    used 5190K, committed 5824K, reserved 327680K
}
Event: 7.553 GC heap before
{Heap before GC invocations=7 (full 0):
 garbage-first heap   total 262144K, used 46149K [0x00000000e0000000, 0x0000000100000000)
  region size 1024K, 12 young (12288K), 10 survivors (10240K)
 Metaspace       used 35300K, committed 36608K, reserved 393216K
  class space    used 5229K, committed 5888K, reserved 327680K
}
Event: 7.560 GC heap after
{Heap after GC invocations=8 (full 0):
 garbage-first heap   total 262144K, used 44945K [0x00000000e0000000, 0x0000000100000000)
  region size 1024K, 10 young (10240K), 10 survivors (10240K)
 Metaspace       used 35300K, committed 36608K, reserved 393216K
  class space    used 5229K, committed 5888K, reserved 327680K
}

